{
  "RSpec": {
    "coverage": {
      "/Users/bion/Documents/CodeFellows/AppFunnel/spec/support/authentication_helpers.rb": [
        1,
        1,
        3,
        3,
        3,
        3,
        3,
        null,
        null,
        null,
        1,
        1,
        null
      ],
      "/Users/bion/Documents/CodeFellows/AppFunnel/spec/support/factories/apn_factory.rb": [
        1,
        1,
        1,
        1,
        1,
        1,
        1,
        1,
        1,
        1,
        null,
        null
      ],
      "/Users/bion/Documents/CodeFellows/AppFunnel/spec/support/factories/profile_factory.rb": [
        1,
        1,
        1,
        1,
        1,
        1,
        1,
        1,
        1,
        1,
        null,
        null
      ],
      "/Users/bion/Documents/CodeFellows/AppFunnel/spec/support/factories/user_factory.rb": [
        1,
        1,
        4,
        1,
        1,
        null,
        1,
        1,
        3,
        null,
        null,
        null,
        null,
        null
      ],
      "/Users/bion/Documents/CodeFellows/AppFunnel/spec/controllers/profiles_controller_spec.rb": [
        1,
        null,
        1,
        null,
        null
      ],
      "/Users/bion/Documents/CodeFellows/AppFunnel/spec/controllers/reviews_controller_spec.rb": [
        1,
        null,
        1,
        null,
        null
      ],
      "/Users/bion/Documents/CodeFellows/AppFunnel/spec/integration/creating_apns_spec.rb": [
        1,
        null,
        1,
        null,
        1,
        1,
        1,
        1,
        1,
        null,
        null,
        1,
        1,
        1,
        1,
        1,
        1,
        null,
        null,
        null
      ],
      "/Users/bion/Documents/CodeFellows/AppFunnel/spec/integration/creating_profiles_spec.rb": [
        1,
        null,
        1,
        1,
        2,
        2,
        null,
        2,
        2,
        2,
        2,
        null,
        null,
        1,
        1,
        1,
        1,
        1,
        1,
        1,
        1,
        1,
        null,
        1,
        1,
        1,
        1,
        null,
        null,
        1,
        1,
        1,
        1,
        1,
        1,
        1,
        1,
        1,
        null,
        1,
        1,
        null,
        null,
        null
      ],
      "/Users/bion/Documents/CodeFellows/AppFunnel/spec/integration/creating_reviews_spec.rb": [
        1,
        null,
        null
      ],
      "/Users/bion/Documents/CodeFellows/AppFunnel/spec/integration/deleting_apns_spec.rb": [
        1,
        null,
        1,
        2,
        2,
        2,
        null,
        1,
        1,
        1,
        1,
        1,
        1,
        null,
        null
      ],
      "/Users/bion/Documents/CodeFellows/AppFunnel/spec/integration/editing_apn_spec.rb": [
        1,
        null,
        1,
        2,
        2,
        2,
        null,
        1,
        1,
        1,
        1,
        1,
        1,
        1,
        1,
        null,
        null
      ],
      "/Users/bion/Documents/CodeFellows/AppFunnel/spec/integration/signing_in_spec.rb": [
        1,
        null,
        1,
        1,
        2,
        null,
        null,
        1,
        1,
        1,
        1,
        1,
        null,
        null,
        1,
        1,
        1,
        1,
        1,
        1,
        1,
        1,
        null,
        null
      ],
      "/Users/bion/Documents/CodeFellows/AppFunnel/spec/integration/signing_out_spec.rb": [
        1,
        null,
        1,
        null,
        1,
        1,
        1,
        1,
        1,
        1,
        1,
        null,
        null,
        1,
        1,
        1,
        null,
        null
      ],
      "/Users/bion/Documents/CodeFellows/AppFunnel/spec/integration/signing_up_spec.rb": [
        1,
        null,
        1,
        1,
        1,
        1,
        1,
        1,
        1,
        1,
        1,
        1,
        null,
        null
      ]
    },
    "timestamp": 1369778003
  }
}
